GIS_District	cluster	no	target_fid	fin_kheseg	pair	num_in_pair	odd_pair	rand	treatment
"SKH"	1	"SKH-35547-1B"	35547	"SKH-1-3jj"	1	2	0	.1503885	1
"SKH"	1	"SKH-33678"	33678	"SKH-1-3jk"	1	2	0	.2287096	0
"SKH"	1	"SKH-21598-1B"	21598	"SKH-1-8"	2	2	0	.0380853	1
"SKH"	1	"SKH-31135-1B"	31135	"SKH-1-7"	2	2	0	.8821644	0
"SKH"	1	"SKH-5434-3B"	5434	"SKH-1-2"	3	2	0	.0879338	1
"SKH"	1	"SKH-12630"	12630	"SKH-1-9"	3	2	0	.2172672	0
"SKH"	1	"SKH-25456-1B"	25456	"SKH-1-4"	4	2	0	.2458835	1
"SKH"	1	"SKH-37209"	37209	"SKH-1-5"	4	2	0	.4462715	0
"SKH"	1	"SKH-32849-1B"	32849	"SKH-1-6"	5	2	0	.6259506	1
"SKH"	1	"SKH-21107-2B"	21107	"SKH-1-1"	5	2	0	.7490897	0
"SKH"	2	"SKH-28281"	28281	"SKH-2-2"	1	2	0	.1060498	1
"SKH"	2	"SKH-28885-1B"	28885	"SKH-2-5"	1	2	0	.9520306	0
"SKH"	2	"SKH-19306"	19306	"SKH-2-1"	2	2	0	.1297108	1
"SKH"	2	"SKH-10676-1B"	10676	"SKH-2-3"	2	2	0	.8446617	0
"SKH"	2	"SKH-39678"	39678	"SKH-2-4"	3	1	1	.3781686	1
"SKH"	3	"SKH-44190-1B"	44190	"SKH-3-1"	1	2	0	.0910829	1
"SKH"	3	"SKH-6565"	6565	"SKH-3-3"	1	2	0	.7658072	0
"SKH"	3	"SKH-26444-1B"	26444	"SKH-3-10"	2	2	0	.1937686	1
"SKH"	3	"SKH-28535-1B"	28535	"SKH-3-2"	2	2	0	.9244195	0
"SKH"	3	"SKH-3410-1B"	3410	"SKH-3-9"	3	2	0	.8216297	1
"SKH"	3	"SKH-6073-1B"	6073	"SKH-3-7"	3	2	0	.8263389	0
"SKH"	3	"SKH-12748"	12748	"SKH-3-8"	4	2	0	.0103395	1
"SKH"	3	"SKH-2814-1B"	2814	"SKH-3-5"	4	2	0	.6139139	0
"SKH"	3	"SKH-24237"	24237	"SKH-3-6"	5	2	0	.6378986	1
"SKH"	3	"SKH-7834-1B"	7834	"SKH-3-4"	5	2	0	.71645	0
"SKH"	4	"SKH-40283"	40283	"SKH-4-7"	1	2	0	.686348	1
"SKH"	4	"SKH-22337-1B"	22337	"SKH-4-3"	1	2	0	.8383814	0
"SKH"	4	"SKH-13859-1B"	13859	"SKH-4-6"	2	2	0	.3220859	1
"SKH"	4	"SKH-1315"	1315	"SKH-4-4"	2	2	0	.4390244	0
"SKH"	4	"SKH-29141"	29141	"SKH-4-8"	3	2	0	.3596744	1
"SKH"	4	"SKH-7869-2B"	7869	"SKH-4-2"	3	2	0	.8882942	0
"SKH"	4	"SKH-15180-1B"	15180	"SKH-4-5"	4	2	0	.1143774	1
"SKH"	4	"SKH-23918-1B"	23918	"SKH-4-1"	4	2	0	.3265312	0
"SKH"	5	"SKH-27652-1B"	27652	"SKH-5-8"	1	2	0	.3671072	1
"SKH"	5	"SKH-8651-1B"	8651	"SKH-5-6"	1	2	0	.7339044	0
"SKH"	5	"SKH-11666-1B"	11666	"SKH-5-5"	2	2	0	.8569051	1
"SKH"	5	"SKH-19903-1B"	19903	"SKH-5-3"	2	2	0	.8748407	0
"SKH"	5	"SKH-12665-3B"	12665	"SKH-5-11"	3	2	0	.5515876	1
"SKH"	5	"SKH-13376-1B"	13376	"SKH-5-7"	3	2	0	.7848027	0
"SKH"	5	"SKH-6209"	6209	"SKH-5-4"	4	2	0	.8353043	1
"SKH"	5	"SKH-14007-1B"	14007	"SKH-5-9"	4	2	0	.9012011	0
"SKH"	5	"SKH-7081-3A"	7081	"SKH-5-10"	5	1	1	.6349486	0
"SKH"	6	"SKH-4779-1B"	4779	"SKH-6-5"	1	2	0	.009014	1
"SKH"	6	"SKH-43838-1B"	43838	"SKH-6-4"	1	2	0	.7456071	0
"SKH"	6	"SKH-18555-1B"	18555	"SKH-6-2"	2	2	0	.2931408	1
"SKH"	6	"SKH-33335-1A"	33335	"SKH-6-3"	2	2	0	.7642059	0
"SKH"	6	"SKH-33520-1B"	33520	"SKH-6-1"	3	1	1	.7933022	0
"SKH"	7	"SKH-17416"	17416	"SKH-7-10"	1	2	0	.5424398	1
"SKH"	7	"SKH-12436"	12436	"SKH-7-4"	1	2	0	.7955513	0
"SKH"	7	"SKH-12669-3A"	12669	"SKH-7-5"	2	2	0	.2104474	1
"SKH"	7	"SKH-31402-1B"	31402	"SKH-7-7k"	2	2	0	.3501745	0
"SKH"	7	"SKH-38832-1B"	38832	"SKH-7-7j"	3	2	0	.1103469	1
"SKH"	7	"SKH-21420-1B"	21420	"SKH-7-2"	3	2	0	.1680784	0
"SKH"	7	"SKH-1669-1B"	1669	"SKH-7-6"	4	2	0	.029331	1
"SKH"	7	"SKH-28349-1B"	28349	"SKH-7-1"	4	2	0	.4569849	0
"SKH"	7	"SKH-35608-1B"	35608	"SKH-7-9"	5	2	0	.3163797	1
"SKH"	7	"SKH-21523-1B"	21523	"SKH-7-3"	5	2	0	.6641108	0
"SKH"	7	"SKH-30635-1B"	30635	"CH-7-11k"	6	2	0	.3215348	1
"SKH"	7	"SKH-17543"	17543	"SKH-7-8"	6	2	0	.3723341	0
"SKH"	8	"SKH-16771"	16771	"SKH-8-5"	1	2	0	.3286617	1
"SKH"	8	"SKH-6193"	6193	"SKH-8-8"	1	2	0	.9328928	0
"SKH"	8	"SKH-21742-1B"	21742	"SKH-8-2"	2	2	0	.7612365	1
"SKH"	8	"SKH-5162-3B"	5162	"SKH-8-6"	2	2	0	.8690678	0
"SKH"	8	"SKH-13355-1B"	13355	"SKH-8-4"	3	2	0	.2239556	1
"SKH"	8	"SKH-12987"	12987	"SKH-8-1"	3	2	0	.265079	0
"SKH"	8	"SKH-22532-1B"	22532	"SKH-8-7"	4	2	0	.1373788	1
"SKH"	8	"SKH-14478"	14478	"SKH-8-3"	4	2	0	.9223492	0
"SKH"	9	"SKH-38140-1B"	38140	"SKH-9-7"	1	2	0	.1072976	1
"SKH"	9	"SKH-8349"	8349	"SKH-9-1"	1	2	0	.7619435	0
"SKH"	9	"SKH-43014"	43014	"SKH-9-5"	2	2	0	.4579659	1
"SKH"	9	"SKH-8777-1B"	8777	"SKH-9-2"	2	2	0	.6600242	0
"SKH"	9	"SKH-13936-1B"	13936	"SKH-9-6"	3	2	0	.1332776	1
"SKH"	9	"SKH-13588"	13588	"SKH-9-4"	3	2	0	.2777733	0
"SKH"	9	"SKH-13913-1B"	13913	"SKH-9-3"	4	1	1	.0877057	1
"SKH"	10	"SKH-5363-1B"	5363	"SKH-10-5"	1	2	0	.649002	1
"SKH"	10	"SKH-15482"	15482	"SKH-10-2"	1	2	0	.8472701	0
"SKH"	10	"SKH-41502-1B"	41502	"SKH-10-8"	2	2	0	.4347733	1
"SKH"	10	"SKH-4308"	4308	"SKH-10-7"	2	2	0	.9536856	0
"SKH"	10	"SKH-3174"	3174	"SKH-10-6"	3	2	0	.3538169	1
"SKH"	10	"SKH-2111-3B"	2111	"SKH-10-3"	3	2	0	.5972923	0
"SKH"	10	"SKH-37767"	37767	"SKH-10-10"	4	2	0	.3245695	1
"SKH"	10	"SKH-26696-1B"	26696	"SKH-10-9"	4	2	0	.5566929	0
"SKH"	10	"SKH-19115-1B"	19115	"SKH-10-1"	5	2	0	.2659382	1
"SKH"	10	"SKH-43805-1B"	43805	"SKH-10-4"	5	2	0	.9983401	0
"SKH"	11	"SKH-37592-1B"	37592	"SKH-11-4"	1	2	0	.1333892	1
"SKH"	11	"SKH-33882-1B"	33882	"SKH-11-2"	1	2	0	.897715	0
"SKH"	11	"SKH-7324-3B"	7324	"SKH-11-3"	2	2	0	.1885155	1
"SKH"	11	"SKH-13456"	13456	"SKH-11-5"	2	2	0	.7696779	0
"SKH"	11	"SKH-14120-1B"	14120	"SKH-11-7"	3	2	0	.1816381	1
"SKH"	11	"SKH-35472-1B"	35472	"SKH-11-8"	3	2	0	.881807	0
"SKH"	11	"SKH-20473"	20473	"SKH-11-j"	4	2	0	.7288361	1
"SKH"	11	"SKH-18929"	18929	"SKH-11-1"	4	2	0	.8981668	0
"SKH"	11	"SKH-27187-1B"	27187	"SKH-11-6"	5	2	0	.8187619	1
"SKH"	11	"SKH-10463-1B"	10463	"SKH-11-9"	5	2	0	.8349715	0
"SKH"	11	"SKH-25791"	25791	"SKH-11-10"	6	1	1	.0030465	1
"SKH"	12	"SKH-5945-1B"	5945	"SKH-12-8"	1	2	0	.299867	1
"SKH"	12	"SKH-34930-1B"	34930	"SKH-12-7"	1	2	0	.6589848	0
"SKH"	13	"SKH-9851-3A"	9851	"SKH-13-7"	1	2	0	.7997172	1
"SKH"	13	"SKH-22727"	22727	"SKH-13-8"	1	2	0	.9621417	0
"SKH"	14	"SKH-40772-3B"	40772	"SKH-14-6"	1	2	0	.6036689	1
"SKH"	14	"SKH-8217-3B"	8217	"SKH-14-7"	1	2	0	.6514935	0
"SKH"	14	"SKH-44371-1B"	44371	"SKH-14-8"	2	1	1	.8493655	0
"SKH"	15	"SKH-40792-1B"	40792	"SKH-15-7"	1	2	0	.2057923	1
"SKH"	15	"SKH-26279"	26279	"SKH-15-8"	1	2	0	.4986894	0
"SKH"	16	"SKH-30839-3B"	30839	"SKH-16-8"	1	1	1	.1848029	1
"SKH"	17	"SKH-23323-1B"	23323	"SKH-17-8"	1	2	0	.2037372	1
"SKH"	17	"SKH-33380-1B"	33380	"SKH-17-7"	1	2	0	.7131402	0
"SKH"	20	"SKH-11470-3A"	11470	"SKH-20-m"	1	2	0	.1532817	1
"SKH"	20	"SKH-31836"	31836	"SKH-20-k"	1	2	0	.2727737	0
"SKH"	20	"SKH-18476"	18476	"SKH-20-l"	2	2	0	.2145805	1
"SKH"	20	"SKH-23627-1B"	23627	"SKH-20-j"	2	2	0	.709991	0
"SKH"	20	"SKH-35366"	35366	"SKH-20-n"	3	2	0	.7556185	1
"SKH"	20	"SKH-35151-1B"	35151	"SKH-20-o"	3	2	0	.8421402	0
"SKH"	21	"SKH-26840"	26840	"SKH-21-j"	1	2	0	.0087581	1
"SKH"	21	"SKH-34719"	34719	"SKH-21-l"	1	2	0	.7612095	0
"SKH"	21	"SKH-43521"	43521	"SKH-21-n"	2	2	0	.0022898	1
"SKH"	21	"SKH-14294-1B"	14294	"SKH-21-o"	2	2	0	.7153146	0
"SKH"	21	"SKH-5571"	5571	"SKH-21-m"	3	2	0	.5294339	1
"SKH"	21	"SKH-24496"	24496	"SKH-21-k"	3	2	0	.5526204	0
"SKH"	22	"SKH-10232"	10232	"SKH-22-3L"	1	2	0	.0528898	1
"SKH"	22	"SKH-37470"	37470	"SKH-22-3n"	1	2	0	.1018566	0
"SKH"	22	"SKH-19334"	19334	"SKH-22-3j"	2	2	0	.4312912	1
"SKH"	22	"SKH-20357"	20357	"SKH-22-3q"	2	2	0	.7684319	0
"SKH"	22	"SKH-42959"	42959	"SKH-22-3k"	3	2	0	.0548291	1
"SKH"	22	"SKH-11479"	11479	"SKH-22-5m"	3	2	0	.7314147	0
"SKH"	22	"SKH-7720-1B"	7720	"SKH-22-3t"	4	2	0	.1547948	1
"SKH"	22	"SKH-19816"	19816	"SKH-22-3u"	4	2	0	.6080551	0
"SKH"	22	"SKH-41609"	41609	"SKH-22-3v"	5	2	0	.4262281	1
"SKH"	22	"SKH-28458"	28458	"SKH-22-5L"	5	2	0	.6321773	0
"SKH"	22	"SKH-29099-1B"	29099	"SKH-22-2"	6	2	0	.2086184	1
"SKH"	22	"SKH-41883-3B"	41883	"SKH-22-5j"	6	2	0	.7579954	0
"SKH"	22	"SKH-30994"	30994	"SKH-22-3r"	7	2	0	.1838523	1
"SKH"	22	"SKH-42019-1B"	42019	"SKH-22-3w"	7	2	0	.7066058	0
"SKH"	22	"SKH-41990"	41990	"SKH-22-3m"	8	2	0	.3027204	1
"SKH"	22	"SKH-44104"	44104	"SKH-22-5k"	8	2	0	.8245672	0
"SKH"	22	"SKH-38919"	38919	"SKH-22-1"	9	2	0	.6080567	1
"SKH"	22	"SKH-5318"	5318	"SKH-22-3s"	9	2	0	.9231538	0
"SKH"	22	"SKH-27265"	27265	"SKH-22-3p"	10	2	0	.0086298	1
"SKH"	22	"SKH-44818-1B"	44818	"SKH-22-3o"	10	2	0	.2250618	0
"SKH"	22	"SKH-6635"	6635	"SKH-22-4"	11	1	1	.9489945	0
"SKH"	23	"SKH-27765"	27765	"SKH-23-6"	1	2	0	.6938133	1
"SKH"	23	"SKH-2323-1B"	2323	"SKH-23-5"	1	2	0	.9179735	0
"SKH"	23	"SKH-13604-3B"	13604	"SKH-23-7"	2	2	0	.0806216	1
"SKH"	23	"SKH-3351-3B"	3351	"SKH-23-3"	2	2	0	.2784185	0
"SKH"	23	"SKH-26652-3B"	26652	"SKH-23-1"	3	2	0	.2286207	1
"SKH"	23	"SKH-33591-1B"	33591	"SKH-23-2"	3	2	0	.6439263	0
"SKH"	23	"SKH-6328-1B"	6328	"SKH-23-4"	4	1	1	.0495678	1
"SKH"	24	"SKH-15216-1B"	15216	"SKH-24-2"	1	2	0	.1603834	1
"SKH"	24	"SKH-11432"	11432	"SKH-24-1"	1	2	0	.324876	0
"SKH"	24	"SKH-7766-1B"	7766	"SKH-24-4L"	2	2	0	.4521315	1
"SKH"	24	"SKH-30883-1B"	30883	"SKH-24-4k"	2	2	0	.7974063	0
"SKH"	24	"SKH-20924"	20924	"SKH-24-5"	3	2	0	.1872226	1
"SKH"	24	"SKH-29446"	29446	"SKH-24-4j"	3	2	0	.2695936	0
"SKH"	24	"SKH-27924"	27924	"SKH-24-3"	4	1	1	.3855213	1
"SKH"	25	"SKH-32590"	32590	"SKH-25-jL"	1	2	0	.2105479	1
"SKH"	25	"SKH-13252-1B"	13252	"SKH-25-jm"	1	2	0	.994525	0
"SKH"	25	"SKH-19458-1B"	19458	"SKH-25-3"	2	2	0	.0031598	1
"SKH"	25	"SKH-1603"	1603	"SKH-25-jo"	2	2	0	.9323149	0
"SKH"	25	"SKH-28409-1B"	28409	"SKH-25-2"	3	2	0	.0691116	1
"SKH"	25	"SKH-26259-1B"	26259	"SKH-25-jp"	3	2	0	.3689129	0
"SKH"	25	"SKH-33251-1B"	33251	"SKH-25-jn"	4	2	0	.5477308	1
"SKH"	25	"SKH-37792-1B"	37792	"SKH-25-1"	4	2	0	.9637432	0
"SKH"	25	"SKH-18393-3B"	18393	"SKH-25-jj"	5	2	0	.3158319	1
"SKH"	25	"SKH-29276-3B"	29276	"SKH-25-jk"	5	2	0	.9583274	0
"SKH"	25	"SKH-35521"	35521	"SKH-25-6"	6	2	0	.3104545	1
"SKH"	25	"SKH-20967-1B"	20967	"SKH-25-5"	6	2	0	.7146299	0
"SKH"	25	"SKH-6376"	6376	"SKH-25-4"	7	1	1	.8310414	0
